# JRE version: Java(TM) SE Runtime Environment (8.0_221-b11) (build 1.8.0_221-b11)
# Java VM: Java HotSpot(TM) 64-Bit Server VM (25.221-b11 mixed mode windows-amd64 compressed oops)
Heap:
 PSYoungGen      total 131072K, used 20441K [0x000000076ae00000, 0x0000000778380000, 0x00000007c0000000)
  eden space 120320K, 8% used [0x000000076ae00000,0x000000076b7780d8,0x0000000772380000)
  from space 10752K, 99% used [0x0000000773880000,0x00000007742fe488,0x0000000774300000)
  to   space 21504K, 0% used [0x0000000772380000,0x0000000772380000,0x0000000773880000)
 ParOldGen       total 140288K, used 33223K [0x00000006c0a00000, 0x00000006c9300000, 0x000000076ae00000)
  object space 140288K, 23% used [0x00000006c0a00000,0x00000006c2a71e90,0x00000006c9300000)
 Metaspace       used 24590K, capacity 25276K, committed 25344K, reserved 1071104K
  class space    used 2834K, capacity 3036K, committed 3072K, reserved 1048576K
GC Heap History (10 events):
Event: 2.089 GC heap before
{Heap before GC invocations=3 (full 0):
 PSYoungGen      total 76288K, used 76281K [0x000000076ae00000, 0x0000000770300000, 0x00000007c0000000)
  eden space 65536K, 100% used [0x000000076ae00000,0x000000076ee00000,0x000000076ee00000)
  from space 10752K, 99% used [0x000000076f880000,0x00000007702fe6d8,0x0000000770300000)
  to   space 10752K, 0% used [0x000000076ee00000,0x000000076ee00000,0x000000076f880000)
 ParOldGen       total 175104K, used 1247K [0x00000006c0a00000, 0x00000006cb500000, 0x000000076ae00000)
  object space 175104K, 0% used [0x00000006c0a00000,0x00000006c0b37cf8,0x00000006cb500000)
 Metaspace       used 15635K, capacity 15920K, committed 16128K, reserved 1062912K
  class space    used 1858K, capacity 1954K, committed 2048K, reserved 1048576K
Event: 2.098 GC heap after
Heap after GC invocations=3 (full 0):
 PSYoungGen      total 76288K, used 10720K [0x000000076ae00000, 0x0000000774300000, 0x00000007c0000000)
  eden space 65536K, 0% used [0x000000076ae00000,0x000000076ae00000,0x000000076ee00000)
  from space 10752K, 99% used [0x000000076ee00000,0x000000076f878070,0x000000076f880000)
  to   space 10752K, 0% used [0x0000000773880000,0x0000000773880000,0x0000000774300000)
 ParOldGen       total 175104K, used 5399K [0x00000006c0a00000, 0x00000006cb500000, 0x000000076ae00000)
  object space 175104K, 3% used [0x00000006c0a00000,0x00000006c0f45d40,0x00000006cb500000)
 Metaspace       used 15635K, capacity 15920K, committed 16128K, reserved 1062912K
  class space    used 1858K, capacity 1954K, committed 2048K, reserved 1048576K
}
Event: 2.629 GC heap before
{Heap before GC invocations=4 (full 0):
 PSYoungGen      total 76288K, used 76256K [0x000000076ae00000, 0x0000000774300000, 0x00000007c0000000)
  eden space 65536K, 100% used [0x000000076ae00000,0x000000076ee00000,0x000000076ee00000)
  from space 10752K, 99% used [0x000000076ee00000,0x000000076f878070,0x000000076f880000)
  to   space 10752K, 0% used [0x0000000773880000,0x0000000773880000,0x0000000774300000)
 ParOldGen       total 175104K, used 5399K [0x00000006c0a00000, 0x00000006cb500000, 0x000000076ae00000)
  object space 175104K, 3% used [0x00000006c0a00000,0x00000006c0f45d40,0x00000006cb500000)
 Metaspace       used 16019K, capacity 16336K, committed 16640K, reserved 1064960K
  class space    used 1874K, capacity 1986K, committed 2048K, reserved 1048576K
Event: 2.644 GC heap after
Heap after GC invocations=4 (full 0):
 PSYoungGen      total 141824K, used 10736K [0x000000076ae00000, 0x0000000774300000, 0x00000007c0000000)
  eden space 131072K, 0% used [0x000000076ae00000,0x000000076ae00000,0x0000000772e00000)
  from space 10752K, 99% used [0x0000000773880000,0x00000007742fc040,0x0000000774300000)
  to   space 10752K, 0% used [0x0000000772e00000,0x0000000772e00000,0x0000000773880000)
 ParOldGen       total 175104K, used 11110K [0x00000006c0a00000, 0x00000006cb500000, 0x000000076ae00000)
  object space 175104K, 6% used [0x00000006c0a00000,0x00000006c14d98e8,0x00000006cb500000)
 Metaspace       used 16019K, capacity 16336K, committed 16640K, reserved 1064960K
  class space    used 1874K, capacity 1986K, committed 2048K, reserved 1048576K
}
Event: 3.729 GC heap before
{Heap before GC invocations=5 (full 0):
 PSYoungGen      total 141824K, used 78659K [0x000000076ae00000, 0x0000000774300000, 0x00000007c0000000)
  eden space 131072K, 51% used [0x000000076ae00000,0x000000076f054e58,0x0000000772e00000)
  from space 10752K, 99% used [0x0000000773880000,0x00000007742fc040,0x0000000774300000)
  to   space 10752K, 0% used [0x0000000772e00000,0x0000000772e00000,0x0000000773880000)
 ParOldGen       total 175104K, used 11110K [0x00000006c0a00000, 0x00000006cb500000, 0x000000076ae00000)
  object space 175104K, 6% used [0x00000006c0a00000,0x00000006c14d98e8,0x00000006cb500000)
 Metaspace       used 20628K, capacity 21154K, committed 21296K, reserved 1069056K
  class space    used 2451K, capacity 2631K, committed 2688K, reserved 1048576K
Event: 3.744 GC heap after
Heap after GC invocations=5 (full 0):
 PSYoungGen      total 141824K, used 10722K [0x000000076ae00000, 0x0000000774300000, 0x00000007c0000000)
  eden space 131072K, 0% used [0x000000076ae00000,0x000000076ae00000,0x0000000772e00000)
  from space 10752K, 99% used [0x0000000772e00000,0x0000000773878b68,0x0000000773880000)
  to   space 10752K, 0% used [0x0000000773880000,0x0000000773880000,0x0000000774300000)
 ParOldGen       total 175104K, used 15718K [0x00000006c0a00000, 0x00000006cb500000, 0x000000076ae00000)
  object space 175104K, 8% used [0x00000006c0a00000,0x00000006c1959930,0x00000006cb500000)
 Metaspace       used 20628K, capacity 21154K, committed 21296K, reserved 1069056K
  class space    used 2451K, capacity 2631K, committed 2688K, reserved 1048576K
}
Event: 3.744 GC heap before
{Heap before GC invocations=6 (full 1):
 PSYoungGen      total 141824K, used 10722K [0x000000076ae00000, 0x0000000774300000, 0x00000007c0000000)
  eden space 131072K, 0% used [0x000000076ae00000,0x000000076ae00000,0x0000000772e00000)
  from space 10752K, 99% used [0x0000000772e00000,0x0000000773878b68,0x0000000773880000)
  to   space 10752K, 0% used [0x0000000773880000,0x0000000773880000,0x0000000774300000)
 ParOldGen       total 175104K, used 15718K [0x00000006c0a00000, 0x00000006cb500000, 0x000000076ae00000)
  object space 175104K, 8% used [0x00000006c0a00000,0x00000006c1959930,0x00000006cb500000)
 Metaspace       used 20628K, capacity 21154K, committed 21296K, reserved 1069056K
  class space    used 2451K, capacity 2631K, committed 2688K, reserved 1048576K
Event: 3.845 GC heap after
Heap after GC invocations=6 (full 1):
 PSYoungGen      total 141824K, used 0K [0x000000076ae00000, 0x0000000774300000, 0x00000007c0000000)
  eden space 131072K, 0% used [0x000000076ae00000,0x000000076ae00000,0x0000000772e00000)
  from space 10752K, 0% used [0x0000000772e00000,0x0000000772e00000,0x0000000773880000)
  to   space 10752K, 0% used [0x0000000773880000,0x0000000773880000,0x0000000774300000)
 ParOldGen       total 140288K, used 23699K [0x00000006c0a00000, 0x00000006c9300000, 0x000000076ae00000)
  object space 140288K, 16% used [0x00000006c0a00000,0x00000006c2124e88,0x00000006c9300000)
 Metaspace       used 20628K, capacity 21154K, committed 21296K, reserved 1069056K
  class space    used 2451K, capacity 2631K, committed 2688K, reserved 1048576K
}
Event: 7.493 GC heap before
{Heap before GC invocations=7 (full 1):
 PSYoungGen      total 141824K, used 131072K [0x000000076ae00000, 0x0000000774300000, 0x00000007c0000000)
  eden space 131072K, 100% used [0x000000076ae00000,0x0000000772e00000,0x0000000772e00000)
  from space 10752K, 0% used [0x0000000772e00000,0x0000000772e00000,0x0000000773880000)
  to   space 10752K, 0% used [0x0000000773880000,0x0000000773880000,0x0000000774300000)
 ParOldGen       total 140288K, used 23699K [0x00000006c0a00000, 0x00000006c9300000, 0x000000076ae00000)
  object space 140288K, 16% used [0x00000006c0a00000,0x00000006c2124e88,0x00000006c9300000)
 Metaspace       used 24296K, capacity 24940K, committed 25088K, reserved 1071104K
  class space    used 2802K, capacity 2996K, committed 3072K, reserved 1048576K
Event: 7.539 GC heap after
Heap after GC invocations=7 (full 1):
 PSYoungGen      total 131072K, used 10745K [0x000000076ae00000, 0x0000000778380000, 0x00000007c0000000)
  eden space 120320K, 0% used [0x000000076ae00000,0x000000076ae00000,0x0000000772380000)
  from space 10752K, 99% used [0x0000000773880000,0x00000007742fe488,0x0000000774300000)
  to   space 21504K, 0% used [0x0000000772380000,0x0000000772380000,0x0000000773880000)
 ParOldGen       total 140288K, used 33223K [0x00000006c0a00000, 0x00000006c9300000, 0x000000076ae00000)
  object space 140288K, 23% used [0x00000006c0a00000,0x00000006c2a71e90,0x00000006c9300000)
 Metaspace       used 24296K, capacity 24940K, committed 25088K, reserved 1071104K
  class space    used 2802K, capacity 2996K, committed 3072K, reserved 1048576K
}

