# JRE version: Java(TM) SE Runtime Environment (8.0_221-b11) (build 1.8.0_221-b11)
# Java VM: Java HotSpot(TM) 64-Bit Server VM (25.221-b11 mixed mode windows-amd64 compressed oops)
Heap:
 PSYoungGen      total 181248K, used 151958K [0x000000076ae00000, 0x0000000778180000, 0x00000007c0000000)
  eden space 159232K, 81% used [0x000000076ae00000,0x0000000772ce8c68,0x0000000774980000)
  from space 22016K, 99% used [0x0000000776380000,0x00000007778fccd0,0x0000000777900000)
  to   space 26624K, 0% used [0x0000000774980000,0x0000000774980000,0x0000000776380000)
 ParOldGen       total 135680K, used 38144K [0x00000006c0a00000, 0x00000006c8e80000, 0x000000076ae00000)
  object space 135680K, 28% used [0x00000006c0a00000,0x00000006c2f40358,0x00000006c8e80000)
 Metaspace       used 29706K, capacity 30682K, committed 30848K, reserved 1077248K
  class space    used 3385K, capacity 3666K, committed 3712K, reserved 1048576K
GC Heap History (10 events):
Event: 3.551 GC heap before
{Heap before GC invocations=5 (full 0):
 PSYoungGen      total 141824K, used 78549K [0x000000076ae00000, 0x0000000774300000, 0x00000007c0000000)
  eden space 131072K, 51% used [0x000000076ae00000,0x000000076f03d6c8,0x0000000772e00000)
  from space 10752K, 99% used [0x0000000773880000,0x00000007742f8070,0x0000000774300000)
  to   space 10752K, 0% used [0x0000000772e00000,0x0000000772e00000,0x0000000773880000)
 ParOldGen       total 175104K, used 11195K [0x00000006c0a00000, 0x00000006cb500000, 0x000000076ae00000)
  object space 175104K, 6% used [0x00000006c0a00000,0x00000006c14eedf8,0x00000006cb500000)
 Metaspace       used 20611K, capacity 21150K, committed 21296K, reserved 1069056K
  class space    used 2451K, capacity 2631K, committed 2688K, reserved 1048576K
Event: 3.564 GC heap after
Heap after GC invocations=5 (full 0):
 PSYoungGen      total 141824K, used 10746K [0x000000076ae00000, 0x0000000774300000, 0x00000007c0000000)
  eden space 131072K, 0% used [0x000000076ae00000,0x000000076ae00000,0x0000000772e00000)
  from space 10752K, 99% used [0x0000000772e00000,0x000000077387eb68,0x0000000773880000)
  to   space 10752K, 0% used [0x0000000773880000,0x0000000773880000,0x0000000774300000)
 ParOldGen       total 175104K, used 15824K [0x00000006c0a00000, 0x00000006cb500000, 0x000000076ae00000)
  object space 175104K, 9% used [0x00000006c0a00000,0x00000006c1974050,0x00000006cb500000)
 Metaspace       used 20611K, capacity 21150K, committed 21296K, reserved 1069056K
  class space    used 2451K, capacity 2631K, committed 2688K, reserved 1048576K
}
Event: 3.564 GC heap before
{Heap before GC invocations=6 (full 1):
 PSYoungGen      total 141824K, used 10746K [0x000000076ae00000, 0x0000000774300000, 0x00000007c0000000)
  eden space 131072K, 0% used [0x000000076ae00000,0x000000076ae00000,0x0000000772e00000)
  from space 10752K, 99% used [0x0000000772e00000,0x000000077387eb68,0x0000000773880000)
  to   space 10752K, 0% used [0x0000000773880000,0x0000000773880000,0x0000000774300000)
 ParOldGen       total 175104K, used 15824K [0x00000006c0a00000, 0x00000006cb500000, 0x000000076ae00000)
  object space 175104K, 9% used [0x00000006c0a00000,0x00000006c1974050,0x00000006cb500000)
 Metaspace       used 20611K, capacity 21150K, committed 21296K, reserved 1069056K
  class space    used 2451K, capacity 2631K, committed 2688K, reserved 1048576K
Event: 3.639 GC heap after
Heap after GC invocations=6 (full 1):
 PSYoungGen      total 141824K, used 0K [0x000000076ae00000, 0x0000000774300000, 0x00000007c0000000)
  eden space 131072K, 0% used [0x000000076ae00000,0x000000076ae00000,0x0000000772e00000)
  from space 10752K, 0% used [0x0000000772e00000,0x0000000772e00000,0x0000000773880000)
  to   space 10752K, 0% used [0x0000000773880000,0x0000000773880000,0x0000000774300000)
 ParOldGen       total 135680K, used 23722K [0x00000006c0a00000, 0x00000006c8e80000, 0x000000076ae00000)
  object space 135680K, 17% used [0x00000006c0a00000,0x00000006c212aa70,0x00000006c8e80000)
 Metaspace       used 20611K, capacity 21150K, committed 21296K, reserved 1069056K
  class space    used 2451K, capacity 2631K, committed 2688K, reserved 1048576K
}
Event: 5.593 GC heap before
{Heap before GC invocations=7 (full 1):
 PSYoungGen      total 141824K, used 131072K [0x000000076ae00000, 0x0000000774300000, 0x00000007c0000000)
  eden space 131072K, 100% used [0x000000076ae00000,0x0000000772e00000,0x0000000772e00000)
  from space 10752K, 0% used [0x0000000772e00000,0x0000000772e00000,0x0000000773880000)
  to   space 10752K, 0% used [0x0000000773880000,0x0000000773880000,0x0000000774300000)
 ParOldGen       total 135680K, used 23722K [0x00000006c0a00000, 0x00000006c8e80000, 0x000000076ae00000)
  object space 135680K, 17% used [0x00000006c0a00000,0x00000006c212aa70,0x00000006c8e80000)
 Metaspace       used 24275K, capacity 24936K, committed 25088K, reserved 1071104K
  class space    used 2803K, capacity 2996K, committed 3072K, reserved 1048576K
Event: 5.605 GC heap after
Heap after GC invocations=7 (full 1):
 PSYoungGen      total 131072K, used 10745K [0x000000076ae00000, 0x0000000778880000, 0x00000007c0000000)
  eden space 120320K, 0% used [0x000000076ae00000,0x000000076ae00000,0x0000000772380000)
  from space 10752K, 99% used [0x0000000773880000,0x00000007742fe498,0x0000000774300000)
  to   space 21504K, 0% used [0x0000000772380000,0x0000000772380000,0x0000000773880000)
 ParOldGen       total 135680K, used 33025K [0x00000006c0a00000, 0x00000006c8e80000, 0x000000076ae00000)
  object space 135680K, 24% used [0x00000006c0a00000,0x00000006c2a407b0,0x00000006c8e80000)
 Metaspace       used 24275K, capacity 24936K, committed 25088K, reserved 1071104K
  class space    used 2803K, capacity 2996K, committed 3072K, reserved 1048576K
}
Event: 6.577 GC heap before
{Heap before GC invocations=8 (full 1):
 PSYoungGen      total 131072K, used 131065K [0x000000076ae00000, 0x0000000778880000, 0x00000007c0000000)
  eden space 120320K, 100% used [0x000000076ae00000,0x0000000772380000,0x0000000772380000)
  from space 10752K, 99% used [0x0000000773880000,0x00000007742fe498,0x0000000774300000)
  to   space 21504K, 0% used [0x0000000772380000,0x0000000772380000,0x0000000773880000)
 ParOldGen       total 135680K, used 33025K [0x00000006c0a00000, 0x00000006c8e80000, 0x000000076ae00000)
  object space 135680K, 24% used [0x00000006c0a00000,0x00000006c2a407b0,0x00000006c8e80000)
 Metaspace       used 24887K, capacity 25638K, committed 25856K, reserved 1073152K
  class space    used 2857K, capacity 3056K, committed 3072K, reserved 1048576K
Event: 6.586 GC heap after
Heap after GC invocations=8 (full 1):
 PSYoungGen      total 141824K, used 17576K [0x000000076ae00000, 0x0000000777900000, 0x00000007c0000000)
  eden space 120320K, 0% used [0x000000076ae00000,0x000000076ae00000,0x0000000772380000)
  from space 21504K, 81% used [0x0000000772380000,0x00000007734aa028,0x0000000773880000)
  to   space 22016K, 0% used [0x0000000776380000,0x0000000776380000,0x0000000777900000)
 ParOldGen       total 135680K, used 33052K [0x00000006c0a00000, 0x00000006c8e80000, 0x000000076ae00000)
  object space 135680K, 24% used [0x00000006c0a00000,0x00000006c2a473e0,0x00000006c8e80000)
 Metaspace       used 24887K, capacity 25638K, committed 25856K, reserved 1073152K
  class space    used 2857K, capacity 3056K, committed 3072K, reserved 1048576K
}
Event: 7.964 GC heap before
{Heap before GC invocations=9 (full 1):
 PSYoungGen      total 141824K, used 137896K [0x000000076ae00000, 0x0000000777900000, 0x00000007c0000000)
  eden space 120320K, 100% used [0x000000076ae00000,0x0000000772380000,0x0000000772380000)
  from space 21504K, 81% used [0x0000000772380000,0x00000007734aa028,0x0000000773880000)
  to   space 22016K, 0% used [0x0000000776380000,0x0000000776380000,0x0000000777900000)
 ParOldGen       total 135680K, used 33052K [0x00000006c0a00000, 0x00000006c8e80000, 0x000000076ae00000)
  object space 135680K, 24% used [0x00000006c0a00000,0x00000006c2a473e0,0x00000006c8e80000)
 Metaspace       used 26440K, capacity 27276K, committed 27392K, reserved 1073152K
  class space    used 2975K, capacity 3217K, committed 3328K, reserved 1048576K
Event: 7.980 GC heap after
Heap after GC invocations=9 (full 1):
 PSYoungGen      total 181248K, used 22003K [0x000000076ae00000, 0x0000000778180000, 0x00000007c0000000)
  eden space 159232K, 0% used [0x000000076ae00000,0x000000076ae00000,0x0000000774980000)
  from space 22016K, 99% used [0x0000000776380000,0x00000007778fccd0,0x0000000777900000)
  to   space 26624K, 0% used [0x0000000774980000,0x0000000774980000,0x0000000776380000)
 ParOldGen       total 135680K, used 38144K [0x00000006c0a00000, 0x00000006c8e80000, 0x000000076ae00000)
  object space 135680K, 28% used [0x00000006c0a00000,0x00000006c2f40358,0x00000006c8e80000)
 Metaspace       used 26440K, capacity 27276K, committed 27392K, reserved 1073152K
  class space    used 2975K, capacity 3217K, committed 3328K, reserved 1048576K
}

