# JRE version: Java(TM) SE Runtime Environment (8.0_221-b11) (build 1.8.0_221-b11)
# Java VM: Java HotSpot(TM) 64-Bit Server VM (25.221-b11 mixed mode windows-amd64 compressed oops)
Heap:
 PSYoungGen      total 131072K, used 39652K [0x000000076ae00000, 0x0000000778700000, 0x00000007c0000000)
  eden space 120320K, 24% used [0x000000076ae00000,0x000000076ca3d480,0x0000000772380000)
  from space 10752K, 99% used [0x0000000773880000,0x00000007742fbf70,0x0000000774300000)
  to   space 21504K, 0% used [0x0000000772380000,0x0000000772380000,0x0000000773880000)
 ParOldGen       total 136704K, used 33090K [0x00000006c0a00000, 0x00000006c8f80000, 0x000000076ae00000)
  object space 136704K, 24% used [0x00000006c0a00000,0x00000006c2a50838,0x00000006c8f80000)
 Metaspace       used 24702K, capacity 25484K, committed 25600K, reserved 1071104K
  class space    used 2849K, capacity 3050K, committed 3072K, reserved 1048576K
GC Heap History (10 events):
Event: 2.172 GC heap before
{Heap before GC invocations=3 (full 0):
 PSYoungGen      total 76288K, used 76285K [0x000000076ae00000, 0x0000000770300000, 0x00000007c0000000)
  eden space 65536K, 100% used [0x000000076ae00000,0x000000076ee00000,0x000000076ee00000)
  from space 10752K, 99% used [0x000000076f880000,0x00000007702ff418,0x0000000770300000)
  to   space 10752K, 0% used [0x000000076ee00000,0x000000076ee00000,0x000000076f880000)
 ParOldGen       total 175104K, used 1273K [0x00000006c0a00000, 0x00000006cb500000, 0x000000076ae00000)
  object space 175104K, 0% used [0x00000006c0a00000,0x00000006c0b3e6a0,0x00000006cb500000)
 Metaspace       used 15649K, capacity 15920K, committed 16128K, reserved 1062912K
  class space    used 1857K, capacity 1954K, committed 2048K, reserved 1048576K
Event: 2.181 GC heap after
Heap after GC invocations=3 (full 0):
 PSYoungGen      total 76288K, used 10736K [0x000000076ae00000, 0x0000000774300000, 0x00000007c0000000)
  eden space 65536K, 0% used [0x000000076ae00000,0x000000076ae00000,0x000000076ee00000)
  from space 10752K, 99% used [0x000000076ee00000,0x000000076f87c060,0x000000076f880000)
  to   space 10752K, 0% used [0x0000000773880000,0x0000000773880000,0x0000000774300000)
 ParOldGen       total 175104K, used 5558K [0x00000006c0a00000, 0x00000006cb500000, 0x000000076ae00000)
  object space 175104K, 3% used [0x00000006c0a00000,0x00000006c0f6da38,0x00000006cb500000)
 Metaspace       used 15649K, capacity 15920K, committed 16128K, reserved 1062912K
  class space    used 1857K, capacity 1954K, committed 2048K, reserved 1048576K
}
Event: 2.676 GC heap before
{Heap before GC invocations=4 (full 0):
 PSYoungGen      total 76288K, used 76272K [0x000000076ae00000, 0x0000000774300000, 0x00000007c0000000)
  eden space 65536K, 100% used [0x000000076ae00000,0x000000076ee00000,0x000000076ee00000)
  from space 10752K, 99% used [0x000000076ee00000,0x000000076f87c060,0x000000076f880000)
  to   space 10752K, 0% used [0x0000000773880000,0x0000000773880000,0x0000000774300000)
 ParOldGen       total 175104K, used 5558K [0x00000006c0a00000, 0x00000006cb500000, 0x000000076ae00000)
  object space 175104K, 3% used [0x00000006c0a00000,0x00000006c0f6da38,0x00000006cb500000)
 Metaspace       used 16022K, capacity 16336K, committed 16640K, reserved 1064960K
  class space    used 1874K, capacity 1986K, committed 2048K, reserved 1048576K
Event: 2.690 GC heap after
Heap after GC invocations=4 (full 0):
 PSYoungGen      total 141824K, used 10720K [0x000000076ae00000, 0x0000000774300000, 0x00000007c0000000)
  eden space 131072K, 0% used [0x000000076ae00000,0x000000076ae00000,0x0000000772e00000)
  from space 10752K, 99% used [0x0000000773880000,0x00000007742f8050,0x0000000774300000)
  to   space 10752K, 0% used [0x0000000772e00000,0x0000000772e00000,0x0000000773880000)
 ParOldGen       total 175104K, used 11450K [0x00000006c0a00000, 0x00000006cb500000, 0x000000076ae00000)
  object space 175104K, 6% used [0x00000006c0a00000,0x00000006c152e938,0x00000006cb500000)
 Metaspace       used 16022K, capacity 16336K, committed 16640K, reserved 1064960K
  class space    used 1874K, capacity 1986K, committed 2048K, reserved 1048576K
}
Event: 3.832 GC heap before
{Heap before GC invocations=5 (full 0):
 PSYoungGen      total 141824K, used 75964K [0x000000076ae00000, 0x0000000774300000, 0x00000007c0000000)
  eden space 131072K, 49% used [0x000000076ae00000,0x000000076edb70f0,0x0000000772e00000)
  from space 10752K, 99% used [0x0000000773880000,0x00000007742f8050,0x0000000774300000)
  to   space 10752K, 0% used [0x0000000772e00000,0x0000000772e00000,0x0000000773880000)
 ParOldGen       total 175104K, used 11450K [0x00000006c0a00000, 0x00000006cb500000, 0x000000076ae00000)
  object space 175104K, 6% used [0x00000006c0a00000,0x00000006c152e938,0x00000006cb500000)
 Metaspace       used 20617K, capacity 21150K, committed 21296K, reserved 1069056K
  class space    used 2449K, capacity 2631K, committed 2688K, reserved 1048576K
Event: 3.845 GC heap after
Heap after GC invocations=5 (full 0):
 PSYoungGen      total 141824K, used 10722K [0x000000076ae00000, 0x0000000774300000, 0x00000007c0000000)
  eden space 131072K, 0% used [0x000000076ae00000,0x000000076ae00000,0x0000000772e00000)
  from space 10752K, 99% used [0x0000000772e00000,0x0000000773878b68,0x0000000773880000)
  to   space 10752K, 0% used [0x0000000773880000,0x0000000773880000,0x0000000774300000)
 ParOldGen       total 175104K, used 15915K [0x00000006c0a00000, 0x00000006cb500000, 0x000000076ae00000)
  object space 175104K, 9% used [0x00000006c0a00000,0x00000006c198ad90,0x00000006cb500000)
 Metaspace       used 20617K, capacity 21150K, committed 21296K, reserved 1069056K
  class space    used 2449K, capacity 2631K, committed 2688K, reserved 1048576K
}
Event: 3.845 GC heap before
{Heap before GC invocations=6 (full 1):
 PSYoungGen      total 141824K, used 10722K [0x000000076ae00000, 0x0000000774300000, 0x00000007c0000000)
  eden space 131072K, 0% used [0x000000076ae00000,0x000000076ae00000,0x0000000772e00000)
  from space 10752K, 99% used [0x0000000772e00000,0x0000000773878b68,0x0000000773880000)
  to   space 10752K, 0% used [0x0000000773880000,0x0000000773880000,0x0000000774300000)
 ParOldGen       total 175104K, used 15915K [0x00000006c0a00000, 0x00000006cb500000, 0x000000076ae00000)
  object space 175104K, 9% used [0x00000006c0a00000,0x00000006c198ad90,0x00000006cb500000)
 Metaspace       used 20617K, capacity 21150K, committed 21296K, reserved 1069056K
  class space    used 2449K, capacity 2631K, committed 2688K, reserved 1048576K
Event: 3.924 GC heap after
Heap after GC invocations=6 (full 1):
 PSYoungGen      total 141824K, used 0K [0x000000076ae00000, 0x0000000774300000, 0x00000007c0000000)
  eden space 131072K, 0% used [0x000000076ae00000,0x000000076ae00000,0x0000000772e00000)
  from space 10752K, 0% used [0x0000000772e00000,0x0000000772e00000,0x0000000773880000)
  to   space 10752K, 0% used [0x0000000773880000,0x0000000773880000,0x0000000774300000)
 ParOldGen       total 136704K, used 23720K [0x00000006c0a00000, 0x00000006c8f80000, 0x000000076ae00000)
  object space 136704K, 17% used [0x00000006c0a00000,0x00000006c212a2e0,0x00000006c8f80000)
 Metaspace       used 20617K, capacity 21150K, committed 21296K, reserved 1069056K
  class space    used 2449K, capacity 2631K, committed 2688K, reserved 1048576K
}
Event: 5.821 GC heap before
{Heap before GC invocations=7 (full 1):
 PSYoungGen      total 141824K, used 131072K [0x000000076ae00000, 0x0000000774300000, 0x00000007c0000000)
  eden space 131072K, 100% used [0x000000076ae00000,0x0000000772e00000,0x0000000772e00000)
  from space 10752K, 0% used [0x0000000772e00000,0x0000000772e00000,0x0000000773880000)
  to   space 10752K, 0% used [0x0000000773880000,0x0000000773880000,0x0000000774300000)
 ParOldGen       total 136704K, used 23720K [0x00000006c0a00000, 0x00000006c8f80000, 0x000000076ae00000)
  object space 136704K, 17% used [0x00000006c0a00000,0x00000006c212a2e0,0x00000006c8f80000)
 Metaspace       used 24286K, capacity 24936K, committed 25088K, reserved 1071104K
  class space    used 2802K, capacity 2996K, committed 3072K, reserved 1048576K
Event: 5.832 GC heap after
Heap after GC invocations=7 (full 1):
 PSYoungGen      total 131072K, used 10735K [0x000000076ae00000, 0x0000000778700000, 0x00000007c0000000)
  eden space 120320K, 0% used [0x000000076ae00000,0x000000076ae00000,0x0000000772380000)
  from space 10752K, 99% used [0x0000000773880000,0x00000007742fbf70,0x0000000774300000)
  to   space 21504K, 0% used [0x0000000772380000,0x0000000772380000,0x0000000773880000)
 ParOldGen       total 136704K, used 33090K [0x00000006c0a00000, 0x00000006c8f80000, 0x000000076ae00000)
  object space 136704K, 24% used [0x00000006c0a00000,0x00000006c2a50838,0x00000006c8f80000)
 Metaspace       used 24286K, capacity 24936K, committed 25088K, reserved 1071104K
  class space    used 2802K, capacity 2996K, committed 3072K, reserved 1048576K
}

