# JRE version: Java(TM) SE Runtime Environment (8.0_221-b11) (build 1.8.0_221-b11)
# Java VM: Java HotSpot(TM) 64-Bit Server VM (25.221-b11 mixed mode windows-amd64 compressed oops)
Heap:
 PSYoungGen      total 354816K, used 76715K [0x000000076ae00000, 0x0000000782e00000, 0x00000007c0000000)
  eden space 328704K, 15% used [0x000000076ae00000,0x000000076df6f398,0x000000077ef00000)
  from space 26112K, 99% used [0x0000000781000000,0x000000078297bac0,0x0000000782980000)
  to   space 32256K, 0% used [0x000000077ef00000,0x000000077ef00000,0x0000000780e80000)
 ParOldGen       total 143872K, used 41595K [0x00000006c0a00000, 0x00000006c9680000, 0x000000076ae00000)
  object space 143872K, 28% used [0x00000006c0a00000,0x00000006c329ec48,0x00000006c9680000)
 Metaspace       used 31341K, capacity 32458K, committed 32640K, reserved 1077248K
  class space    used 3632K, capacity 3938K, committed 3968K, reserved 1048576K
GC Heap History (10 events):
Event: 3.324 GC heap before
{Heap before GC invocations=3 (full 0):
 PSYoungGen      total 141824K, used 141797K [0x000000076ae00000, 0x0000000774300000, 0x00000007c0000000)
  eden space 131072K, 100% used [0x000000076ae00000,0x0000000772e00000,0x0000000772e00000)
  from space 10752K, 99% used [0x0000000773880000,0x00000007742f96f0,0x0000000774300000)
  to   space 10752K, 0% used [0x0000000772e00000,0x0000000772e00000,0x0000000773880000)
 ParOldGen       total 175104K, used 1204K [0x00000006c0a00000, 0x00000006cb500000, 0x000000076ae00000)
  object space 175104K, 0% used [0x00000006c0a00000,0x00000006c0b2d158,0x00000006cb500000)
 Metaspace       used 16035K, capacity 16336K, committed 16640K, reserved 1064960K
  class space    used 1873K, capacity 1986K, committed 2048K, reserved 1048576K
Event: 3.349 GC heap after
Heap after GC invocations=3 (full 0):
 PSYoungGen      total 141824K, used 10736K [0x000000076ae00000, 0x000000077c300000, 0x00000007c0000000)
  eden space 131072K, 0% used [0x000000076ae00000,0x000000076ae00000,0x0000000772e00000)
  from space 10752K, 99% used [0x0000000772e00000,0x000000077387c040,0x0000000773880000)
  to   space 10752K, 0% used [0x000000077b880000,0x000000077b880000,0x000000077c300000)
 ParOldGen       total 175104K, used 10401K [0x00000006c0a00000, 0x00000006cb500000, 0x000000076ae00000)
  object space 175104K, 5% used [0x00000006c0a00000,0x00000006c1428738,0x00000006cb500000)
 Metaspace       used 16035K, capacity 16336K, committed 16640K, reserved 1064960K
  class space    used 1873K, capacity 1986K, committed 2048K, reserved 1048576K
}
Event: 4.344 GC heap before
{Heap before GC invocations=4 (full 0):
 PSYoungGen      total 141824K, used 76283K [0x000000076ae00000, 0x000000077c300000, 0x00000007c0000000)
  eden space 131072K, 50% used [0x000000076ae00000,0x000000076ee02bc0,0x0000000772e00000)
  from space 10752K, 99% used [0x0000000772e00000,0x000000077387c040,0x0000000773880000)
  to   space 10752K, 0% used [0x000000077b880000,0x000000077b880000,0x000000077c300000)
 ParOldGen       total 175104K, used 10401K [0x00000006c0a00000, 0x00000006cb500000, 0x000000076ae00000)
  object space 175104K, 5% used [0x00000006c0a00000,0x00000006c1428738,0x00000006cb500000)
 Metaspace       used 20633K, capacity 21150K, committed 21296K, reserved 1069056K
  class space    used 2449K, capacity 2631K, committed 2688K, reserved 1048576K
Event: 4.358 GC heap after
Heap after GC invocations=4 (full 0):
 PSYoungGen      total 272896K, used 10746K [0x000000076ae00000, 0x000000077c300000, 0x00000007c0000000)
  eden space 262144K, 0% used [0x000000076ae00000,0x000000076ae00000,0x000000077ae00000)
  from space 10752K, 99% used [0x000000077b880000,0x000000077c2feb68,0x000000077c300000)
  to   space 10752K, 0% used [0x000000077ae00000,0x000000077ae00000,0x000000077b880000)
 ParOldGen       total 175104K, used 15005K [0x00000006c0a00000, 0x00000006cb500000, 0x000000076ae00000)
  object space 175104K, 8% used [0x00000006c0a00000,0x00000006c18a75a0,0x00000006cb500000)
 Metaspace       used 20633K, capacity 21150K, committed 21296K, reserved 1069056K
  class space    used 2449K, capacity 2631K, committed 2688K, reserved 1048576K
}
Event: 4.359 GC heap before
{Heap before GC invocations=5 (full 1):
 PSYoungGen      total 272896K, used 10746K [0x000000076ae00000, 0x000000077c300000, 0x00000007c0000000)
  eden space 262144K, 0% used [0x000000076ae00000,0x000000076ae00000,0x000000077ae00000)
  from space 10752K, 99% used [0x000000077b880000,0x000000077c2feb68,0x000000077c300000)
  to   space 10752K, 0% used [0x000000077ae00000,0x000000077ae00000,0x000000077b880000)
 ParOldGen       total 175104K, used 15005K [0x00000006c0a00000, 0x00000006cb500000, 0x000000076ae00000)
  object space 175104K, 8% used [0x00000006c0a00000,0x00000006c18a75a0,0x00000006cb500000)
 Metaspace       used 20633K, capacity 21150K, committed 21296K, reserved 1069056K
  class space    used 2449K, capacity 2631K, committed 2688K, reserved 1048576K
Event: 4.486 GC heap after
Heap after GC invocations=5 (full 1):
 PSYoungGen      total 272896K, used 0K [0x000000076ae00000, 0x000000077c300000, 0x00000007c0000000)
  eden space 262144K, 0% used [0x000000076ae00000,0x000000076ae00000,0x000000077ae00000)
  from space 10752K, 0% used [0x000000077b880000,0x000000077b880000,0x000000077c300000)
  to   space 10752K, 0% used [0x000000077ae00000,0x000000077ae00000,0x000000077b880000)
 ParOldGen       total 143872K, used 23715K [0x00000006c0a00000, 0x00000006c9680000, 0x000000076ae00000)
  object space 143872K, 16% used [0x00000006c0a00000,0x00000006c2128ef8,0x00000006c9680000)
 Metaspace       used 20633K, capacity 21150K, committed 21296K, reserved 1069056K
  class space    used 2449K, capacity 2631K, committed 2688K, reserved 1048576K
}
Event: 7.568 GC heap before
{Heap before GC invocations=6 (full 1):
 PSYoungGen      total 272896K, used 262144K [0x000000076ae00000, 0x000000077c300000, 0x00000007c0000000)
  eden space 262144K, 100% used [0x000000076ae00000,0x000000077ae00000,0x000000077ae00000)
  from space 10752K, 0% used [0x000000077b880000,0x000000077b880000,0x000000077c300000)
  to   space 10752K, 0% used [0x000000077ae00000,0x000000077ae00000,0x000000077b880000)
 ParOldGen       total 143872K, used 23715K [0x00000006c0a00000, 0x00000006c9680000, 0x000000076ae00000)
  object space 143872K, 16% used [0x00000006c0a00000,0x00000006c2128ef8,0x00000006c9680000)
 Metaspace       used 24973K, capacity 25702K, committed 25856K, reserved 1073152K
  class space    used 2856K, capacity 3056K, committed 3072K, reserved 1048576K
Event: 7.586 GC heap after
Heap after GC invocations=6 (full 1):
 PSYoungGen      total 272896K, used 10749K [0x000000076ae00000, 0x0000000782980000, 0x00000007c0000000)
  eden space 262144K, 0% used [0x000000076ae00000,0x000000076ae00000,0x000000077ae00000)
  from space 10752K, 99% used [0x000000077ae00000,0x000000077b87f6a8,0x000000077b880000)
  to   space 26112K, 0% used [0x0000000781000000,0x0000000781000000,0x0000000782980000)
 ParOldGen       total 143872K, used 37364K [0x00000006c0a00000, 0x00000006c9680000, 0x000000076ae00000)
  object space 143872K, 25% used [0x00000006c0a00000,0x00000006c2e7d350,0x00000006c9680000)
 Metaspace       used 24973K, capacity 25702K, committed 25856K, reserved 1073152K
  class space    used 2856K, capacity 3056K, committed 3072K, reserved 1048576K
}
Event: 11.321 GC heap before
{Heap before GC invocations=7 (full 1):
 PSYoungGen      total 272896K, used 272893K [0x000000076ae00000, 0x0000000782980000, 0x00000007c0000000)
  eden space 262144K, 100% used [0x000000076ae00000,0x000000077ae00000,0x000000077ae00000)
  from space 10752K, 99% used [0x000000077ae00000,0x000000077b87f6a8,0x000000077b880000)
  to   space 26112K, 0% used [0x0000000781000000,0x0000000781000000,0x0000000782980000)
 ParOldGen       total 143872K, used 37364K [0x00000006c0a00000, 0x00000006c9680000, 0x000000076ae00000)
  object space 143872K, 25% used [0x00000006c0a00000,0x00000006c2e7d350,0x00000006c9680000)
 Metaspace       used 29943K, capacity 30970K, committed 31104K, reserved 1077248K
  class space    used 3405K, capacity 3698K, committed 3712K, reserved 1048576K
Event: 11.339 GC heap after
Heap after GC invocations=7 (full 1):
 PSYoungGen      total 354816K, used 26094K [0x000000076ae00000, 0x0000000782e00000, 0x00000007c0000000)
  eden space 328704K, 0% used [0x000000076ae00000,0x000000076ae00000,0x000000077ef00000)
  from space 26112K, 99% used [0x0000000781000000,0x000000078297bac0,0x0000000782980000)
  to   space 32256K, 0% used [0x000000077ef00000,0x000000077ef00000,0x0000000780e80000)
 ParOldGen       total 143872K, used 41595K [0x00000006c0a00000, 0x00000006c9680000, 0x000000076ae00000)
  object space 143872K, 28% used [0x00000006c0a00000,0x00000006c329ec48,0x00000006c9680000)
 Metaspace       used 29943K, capacity 30970K, committed 31104K, reserved 1077248K
  class space    used 3405K, capacity 3698K, committed 3712K, reserved 1048576K
}

